{"message":"Error getting function names from db client ReferenceError: getAllFunctionNames is not defined","level":"\u001b[31merror\u001b[39m"}
{"message":"Error getting function names from db client ReferenceError: getAllFunctionNames is not defined","level":"\u001b[31merror\u001b[39m"}
{"message":"Error getting function names from db client ReferenceError: getAllFunctionNames is not defined","level":"\u001b[31merror\u001b[39m"}
{"message":"Error getting function names from db client TypeError: functionNames.join is not a function","level":"\u001b[31merror\u001b[39m"}
{"message":"Error trying to connect to db client \nError: Client has already been connected. You cannot reuse a client. \nDatabase config: { host: 'localhost', database: 'local_db', port: 5432 }","level":"\u001b[31merror\u001b[39m"}
{"message":"Error getting function names from db client \nError: This socket has been ended by the other party","level":"\u001b[31merror\u001b[39m"}
{"message":"Error trying to connect to db client \nError: Client has already been connected. You cannot reuse a client. \nDatabase config: { host: 'localhost', database: 'local_db', port: 5432 }","level":"\u001b[31merror\u001b[39m"}
{"message":"Error getting function names from db client \nError: This socket has been ended by the other party","level":"\u001b[31merror\u001b[39m"}
{"message":"Error trying to connect to db client \nError: Client has already been connected. You cannot reuse a client. \nDatabase config: { host: 'localhost', database: 'local_db', port: 5432 }","level":"\u001b[31merror\u001b[39m"}
{"message":"Error getting function names from db client \nError: This socket has been ended by the other party","level":"\u001b[31merror\u001b[39m"}
{"message":"Error getting function names from db client \nError: Connection terminated by user","level":"\u001b[31merror\u001b[39m"}
{"message":"Error getting function names from db client \nError: Connection terminated by user","level":"\u001b[31merror\u001b[39m"}
{"message":"Error getting function names from db client \nError: Connection terminated by user","level":"\u001b[31merror\u001b[39m"}
{"message":"Unable to get function names for database 'undefined'","level":"\u001b[31merror\u001b[39m"}
{"message":"Unable to initialize database. TypeError: dbClient.end is not a function","level":"\u001b[31merror\u001b[39m"}
{"message":"Unable to start application because of error \"Error: Unable to initialize database\"","level":"\u001b[31merror\u001b[39m"}
{"message":"Unable to get function names for database","level":"\u001b[31merror\u001b[39m"}
{"message":"Unable to initialize database. TypeError: dbClient.getFunctionNames is not a function","level":"\u001b[31merror\u001b[39m"}
{"message":"Unable to start application because of error \"Error: Unable to initialize database\"","level":"\u001b[31merror\u001b[39m"}
{"message":"Unable to initialize database. TypeError: DbAdapter is not a constructor","level":"\u001b[31merror\u001b[39m"}
{"message":"Unable to start application because of error \"Error: Unable to initialize database\"","level":"\u001b[31merror\u001b[39m"}
